<?xml version="1.0" encoding="UTF-8"?>
<testng-results skipped="0" failed="0" total="1" passed="1">
  <reporter-output>
  </reporter-output>
  <suite name="Default suite" duration-ms="281204" started-at="2016-06-16T10:42:55Z" finished-at="2016-06-16T10:47:36Z">
    <groups>
    </groups>
    <test name="Default test" duration-ms="281204" started-at="2016-06-16T10:42:55Z" finished-at="2016-06-16T10:47:36Z">
      <class name="DataDriven.DataDrivenTest.OrangeHRM">
        <test-method status="PASS" signature="Ologinpage()[pri:0, instance:DataDriven.DataDrivenTest.OrangeHRM@17e2f02]" name="Ologinpage" duration-ms="281190" started-at="2016-06-16T16:12:55Z" finished-at="2016-06-16T16:17:36Z">
          <reporter-output>
          </reporter-output>
        </test-method> <!-- Ologinpage -->
      </class> <!-- DataDriven.DataDrivenTest.OrangeHRM -->
    </test> <!-- Default test -->
  </suite> <!-- Default suite -->
</testng-results>
